{
  "stats": {
    "suites": 1,
    "tests": 1,
    "passes": 1,
    "pending": 0,
    "failures": 0,
    "start": "2022-11-20T17:57:01.388Z",
    "end": "2022-11-20T17:57:18.942Z",
    "duration": 17554,
    "testsRegistered": 1,
    "passPercent": 100,
    "pendingPercent": 0,
    "other": 0,
    "hasOther": false,
    "skipped": 0,
    "hasSkipped": false
  },
  "results": [
    {
      "uuid": "61812b52-2b54-4b31-b0c7-fe57671dd47f",
      "title": "",
      "fullFile": "cypress\\e2e\\cadastro.pageObjects.cy.js",
      "file": "cypress\\e2e\\cadastro.pageObjects.cy.js",
      "beforeHooks": [],
      "afterHooks": [],
      "tests": [],
      "suites": [
        {
          "uuid": "4fc58525-c8f0-47e8-b809-bc1127ecea38",
          "title": "Cadastro no site EBAC-SHOP",
          "fullFile": "",
          "file": "",
          "beforeHooks": [],
          "afterHooks": [],
          "tests": [
            {
              "title": "Deve realizar cadastro do usuário",
              "fullTitle": "Cadastro no site EBAC-SHOP Deve realizar cadastro do usuário",
              "timedOut": null,
              "duration": 17250,
              "state": "passed",
              "speed": "slow",
              "pass": true,
              "fail": false,
              "pending": false,
              "context": null,
              "code": "let email = faker.internet.email();\nlet pass = faker.internet.password();\nloginPage.register(email, pass);\ndashboardPage.siteName.should('be.visible');\ncy.get('.woocommerce-MyAccount-navigation-link--customer-logout > a').click();",
              "err": {},
              "uuid": "cd8269bb-f0c4-4ed7-b5ac-6a79d8c7a22d",
              "parentUUID": "4fc58525-c8f0-47e8-b809-bc1127ecea38",
              "isHook": false,
              "skipped": false
            }
          ],
          "suites": [],
          "passes": [
            "cd8269bb-f0c4-4ed7-b5ac-6a79d8c7a22d"
          ],
          "failures": [],
          "pending": [],
          "skipped": [],
          "duration": 17250,
          "root": false,
          "rootEmpty": false,
          "_timeout": 2000
        }
      ],
      "passes": [],
      "failures": [],
      "pending": [],
      "skipped": [],
      "duration": 0,
      "root": true,
      "rootEmpty": true,
      "_timeout": 2000
    }
  ],
  "meta": {
    "mocha": {
      "version": "7.0.1"
    },
    "mochawesome": {
      "options": {
        "quiet": false,
        "reportFilename": "mochawesome",
        "saveHtml": true,
        "saveJson": true,
        "consoleReporter": "spec",
        "useInlineDiffs": false,
        "code": true
      },
      "version": "7.1.3"
    },
    "marge": {
      "options": {
        "reportDir": "mochawesome-report",
        "overwrite": false,
        "html": true,
        "json": true
      },
      "version": "6.2.0"
    }
  }
}