{
  "stats": {
    "suites": 1,
    "tests": 2,
    "passes": 2,
    "pending": 0,
    "failures": 0,
    "start": "2022-11-20T17:57:34.895Z",
    "end": "2022-11-20T17:57:43.955Z",
    "duration": 9060,
    "testsRegistered": 2,
    "passPercent": 100,
    "pendingPercent": 0,
    "other": 0,
    "hasOther": false,
    "skipped": 0,
    "hasSkipped": false
  },
  "results": [
    {
      "uuid": "fc429fd6-2fd0-47b2-8b1a-9aeb5b2c3e6b",
      "title": "",
      "fullFile": "cypress\\e2e\\checkout.appaction.cy.js",
      "file": "cypress\\e2e\\checkout.appaction.cy.js",
      "beforeHooks": [],
      "afterHooks": [],
      "tests": [],
      "suites": [
        {
          "uuid": "422c5910-02e4-49bf-991f-9448e67b87fd",
          "title": "Checkout",
          "fullFile": "",
          "file": "",
          "beforeHooks": [],
          "afterHooks": [],
          "tests": [
            {
              "title": "login",
              "fullTitle": "Checkout login",
              "timedOut": null,
              "duration": 7084,
              "state": "passed",
              "speed": "medium",
              "pass": true,
              "fail": false,
              "pending": false,
              "context": null,
              "code": "cy.login(data.email, data.senha);",
              "err": {},
              "uuid": "7c6dfb94-5555-4521-b399-8b2fb0619961",
              "parentUUID": "422c5910-02e4-49bf-991f-9448e67b87fd",
              "isHook": false,
              "skipped": false
            },
            {
              "title": "chekout",
              "fullTitle": "Checkout chekout",
              "timedOut": null,
              "duration": 1630,
              "state": "passed",
              "speed": "fast",
              "pass": true,
              "fail": false,
              "pending": false,
              "context": null,
              "code": "cy.checkout();\ndashboardPage.siteName.should('be.visible');",
              "err": {},
              "uuid": "18f85093-14ca-483f-a522-4025c9baff49",
              "parentUUID": "422c5910-02e4-49bf-991f-9448e67b87fd",
              "isHook": false,
              "skipped": false
            }
          ],
          "suites": [],
          "passes": [
            "7c6dfb94-5555-4521-b399-8b2fb0619961",
            "18f85093-14ca-483f-a522-4025c9baff49"
          ],
          "failures": [],
          "pending": [],
          "skipped": [],
          "duration": 8714,
          "root": false,
          "rootEmpty": false,
          "_timeout": 2000
        }
      ],
      "passes": [],
      "failures": [],
      "pending": [],
      "skipped": [],
      "duration": 0,
      "root": true,
      "rootEmpty": true,
      "_timeout": 2000
    }
  ],
  "meta": {
    "mocha": {
      "version": "7.0.1"
    },
    "mochawesome": {
      "options": {
        "quiet": false,
        "reportFilename": "mochawesome",
        "saveHtml": true,
        "saveJson": true,
        "consoleReporter": "spec",
        "useInlineDiffs": false,
        "code": true
      },
      "version": "7.1.3"
    },
    "marge": {
      "options": {
        "reportDir": "mochawesome-report",
        "overwrite": false,
        "html": true,
        "json": true
      },
      "version": "6.2.0"
    }
  }
}